2018-12-12 16:29:03,954 - log_Name - INFO - 启动Firefox浏览器
2018-12-12 16:29:03,954 - log_Name - INFO - 启动Firefox浏览器
2018-12-12 16:29:10,844 - log_Name - INFO - Firefox打开网页
2018-12-12 16:29:10,844 - log_Name - INFO - Firefox打开网页
2018-12-12 16:29:24,829 - log_Name - INFO - left the iframe
2018-12-12 16:29:24,829 - log_Name - INFO - left the iframe
2018-12-12 16:29:24,829 - log_Name - INFO - left the iframe
2018-12-12 16:29:29,200 - log_Name - INFO - Ebtered inframeiframe-5
2018-12-12 16:29:29,200 - log_Name - INFO - Ebtered inframeiframe-5
2018-12-12 16:29:29,200 - log_Name - INFO - Ebtered inframeiframe-5
2018-12-12 16:29:40,851 - log_Name - INFO - left the iframe
2018-12-12 16:29:40,851 - log_Name - INFO - left the iframe
2018-12-12 16:29:40,851 - log_Name - INFO - left the iframe
2018-12-12 16:29:45,147 - log_Name - INFO - Ebtered inframeiframe-5
2018-12-12 16:29:45,147 - log_Name - INFO - Ebtered inframeiframe-5
2018-12-12 16:29:45,147 - log_Name - INFO - Ebtered inframeiframe-5
2018-12-12 16:30:07,628 - log_Name - INFO - 截屏成功
2018-12-12 16:30:07,628 - log_Name - INFO - 截屏成功
2018-12-12 16:30:07,628 - log_Name - INFO - 截屏成功
2018-12-12 16:30:07,634 - log_Name - INFO - left the iframe
2018-12-12 16:30:07,634 - log_Name - INFO - left the iframe
2018-12-12 16:30:07,634 - log_Name - INFO - left the iframe
2018-12-12 16:30:11,917 - log_Name - INFO - Ebtered inframeiframe-5
2018-12-12 16:30:11,917 - log_Name - INFO - Ebtered inframeiframe-5
2018-12-12 16:30:11,917 - log_Name - INFO - Ebtered inframeiframe-5
2018-12-12 16:30:35,618 - log_Name - INFO - left the iframe
2018-12-12 16:30:35,618 - log_Name - INFO - left the iframe
2018-12-12 16:30:35,618 - log_Name - INFO - left the iframe
2018-12-12 16:30:39,885 - log_Name - INFO - Ebtered inframeiframe-5
2018-12-12 16:30:39,885 - log_Name - INFO - Ebtered inframeiframe-5
2018-12-12 16:30:39,885 - log_Name - INFO - Ebtered inframeiframe-5
2018-12-12 16:31:20,742 - log_Name - INFO - left the iframe
2018-12-12 16:31:20,742 - log_Name - INFO - left the iframe
2018-12-12 16:31:20,742 - log_Name - INFO - left the iframe
2018-12-12 16:31:25,011 - log_Name - INFO - Ebtered inframeiframe-5
2018-12-12 16:31:25,011 - log_Name - INFO - Ebtered inframeiframe-5
2018-12-12 16:31:25,011 - log_Name - INFO - Ebtered inframeiframe-5
