2018-12-17 15:31:32,626 - log_Name - INFO - 启动Firefox浏览器
2018-12-17 15:31:32,626 - log_Name - INFO - 启动Firefox浏览器
2018-12-17 15:31:39,592 - log_Name - INFO - Firefox打开网页
2018-12-17 15:31:39,592 - log_Name - INFO - Firefox打开网页
2018-12-17 15:32:10,157 - log_Name - INFO - left the iframe
2018-12-17 15:32:10,157 - log_Name - INFO - left the iframe
2018-12-17 15:32:10,157 - log_Name - INFO - left the iframe
2018-12-17 15:32:14,624 - log_Name - INFO - Ebtered inframeiframe-5
2018-12-17 15:32:14,624 - log_Name - INFO - Ebtered inframeiframe-5
2018-12-17 15:32:14,624 - log_Name - INFO - Ebtered inframeiframe-5
2018-12-17 15:32:27,041 - log_Name - INFO - left the iframe
2018-12-17 15:32:27,041 - log_Name - INFO - left the iframe
2018-12-17 15:32:27,041 - log_Name - INFO - left the iframe
2018-12-17 15:32:31,450 - log_Name - INFO - Ebtered inframeiframe-5
2018-12-17 15:32:31,450 - log_Name - INFO - Ebtered inframeiframe-5
2018-12-17 15:32:31,450 - log_Name - INFO - Ebtered inframeiframe-5
2018-12-17 15:32:54,884 - log_Name - INFO - 截屏成功
2018-12-17 15:32:54,884 - log_Name - INFO - 截屏成功
2018-12-17 15:32:54,884 - log_Name - INFO - 截屏成功
2018-12-17 15:32:54,890 - log_Name - INFO - left the iframe
2018-12-17 15:32:54,890 - log_Name - INFO - left the iframe
2018-12-17 15:32:54,890 - log_Name - INFO - left the iframe
2018-12-17 15:32:59,174 - log_Name - INFO - Ebtered inframeiframe-5
2018-12-17 15:32:59,174 - log_Name - INFO - Ebtered inframeiframe-5
2018-12-17 15:32:59,174 - log_Name - INFO - Ebtered inframeiframe-5
