2018-12-12 16:40:07,842 - log_Name - INFO - 启动Firefox浏览器
2018-12-12 16:40:07,842 - log_Name - INFO - 启动Firefox浏览器
2018-12-12 16:40:14,692 - log_Name - INFO - Firefox打开网页
2018-12-12 16:40:14,692 - log_Name - INFO - Firefox打开网页
2018-12-12 16:40:27,234 - log_Name - INFO - left the iframe
2018-12-12 16:40:27,234 - log_Name - INFO - left the iframe
2018-12-12 16:40:27,234 - log_Name - INFO - left the iframe
2018-12-12 16:40:31,625 - log_Name - INFO - Ebtered inframeiframe-5
2018-12-12 16:40:31,625 - log_Name - INFO - Ebtered inframeiframe-5
2018-12-12 16:40:31,625 - log_Name - INFO - Ebtered inframeiframe-5
2018-12-12 16:40:43,573 - log_Name - INFO - left the iframe
2018-12-12 16:40:43,573 - log_Name - INFO - left the iframe
2018-12-12 16:40:43,573 - log_Name - INFO - left the iframe
2018-12-12 16:40:47,987 - log_Name - INFO - Ebtered inframeiframe-5
2018-12-12 16:40:47,987 - log_Name - INFO - Ebtered inframeiframe-5
2018-12-12 16:40:47,987 - log_Name - INFO - Ebtered inframeiframe-5
2018-12-12 16:41:11,435 - log_Name - INFO - 截屏成功
2018-12-12 16:41:11,435 - log_Name - INFO - 截屏成功
2018-12-12 16:41:11,435 - log_Name - INFO - 截屏成功
2018-12-12 16:41:11,445 - log_Name - INFO - left the iframe
2018-12-12 16:41:11,445 - log_Name - INFO - left the iframe
2018-12-12 16:41:11,445 - log_Name - INFO - left the iframe
2018-12-12 16:41:16,136 - log_Name - INFO - Ebtered inframeiframe-5
2018-12-12 16:41:16,136 - log_Name - INFO - Ebtered inframeiframe-5
2018-12-12 16:41:16,136 - log_Name - INFO - Ebtered inframeiframe-5
2018-12-12 16:41:42,803 - log_Name - INFO - left the iframe
2018-12-12 16:41:42,803 - log_Name - INFO - left the iframe
2018-12-12 16:41:42,803 - log_Name - INFO - left the iframe
2018-12-12 16:41:47,088 - log_Name - INFO - Ebtered inframeiframe-5
2018-12-12 16:41:47,088 - log_Name - INFO - Ebtered inframeiframe-5
2018-12-12 16:41:47,088 - log_Name - INFO - Ebtered inframeiframe-5
2018-12-12 16:42:33,617 - log_Name - INFO - left the iframe
2018-12-12 16:42:33,617 - log_Name - INFO - left the iframe
2018-12-12 16:42:33,617 - log_Name - INFO - left the iframe
2018-12-12 16:42:37,925 - log_Name - INFO - Ebtered inframeiframe-5
2018-12-12 16:42:37,925 - log_Name - INFO - Ebtered inframeiframe-5
2018-12-12 16:42:37,925 - log_Name - INFO - Ebtered inframeiframe-5
2018-12-12 16:43:06,125 - log_Name - INFO - 截屏成功
2018-12-12 16:43:06,125 - log_Name - INFO - 截屏成功
2018-12-12 16:43:06,125 - log_Name - INFO - 截屏成功
2018-12-12 16:43:06,130 - log_Name - INFO - left the iframe
2018-12-12 16:43:06,130 - log_Name - INFO - left the iframe
2018-12-12 16:43:06,130 - log_Name - INFO - left the iframe
2018-12-12 16:43:10,429 - log_Name - INFO - Ebtered inframeiframe-5
2018-12-12 16:43:10,429 - log_Name - INFO - Ebtered inframeiframe-5
2018-12-12 16:43:10,429 - log_Name - INFO - Ebtered inframeiframe-5
2018-12-12 16:43:38,505 - log_Name - INFO - 截屏成功
2018-12-12 16:43:38,505 - log_Name - INFO - 截屏成功
2018-12-12 16:43:38,505 - log_Name - INFO - 截屏成功
2018-12-12 16:43:38,512 - log_Name - INFO - left the iframe
2018-12-12 16:43:38,512 - log_Name - INFO - left the iframe
2018-12-12 16:43:38,512 - log_Name - INFO - left the iframe
2018-12-12 16:43:42,784 - log_Name - INFO - Ebtered inframeiframe-5
2018-12-12 16:43:42,784 - log_Name - INFO - Ebtered inframeiframe-5
2018-12-12 16:43:42,784 - log_Name - INFO - Ebtered inframeiframe-5
2018-12-12 16:44:30,453 - log_Name - INFO - left the iframe
2018-12-12 16:44:30,453 - log_Name - INFO - left the iframe
2018-12-12 16:44:30,453 - log_Name - INFO - left the iframe
2018-12-12 16:44:34,764 - log_Name - INFO - Ebtered inframeiframe-5
2018-12-12 16:44:34,764 - log_Name - INFO - Ebtered inframeiframe-5
2018-12-12 16:44:34,764 - log_Name - INFO - Ebtered inframeiframe-5
2018-12-12 16:45:35,747 - log_Name - INFO - 截屏成功
2018-12-12 16:45:35,747 - log_Name - INFO - 截屏成功
2018-12-12 16:45:35,747 - log_Name - INFO - 截屏成功
2018-12-12 16:45:35,793 - log_Name - INFO - left the iframe
2018-12-12 16:45:35,793 - log_Name - INFO - left the iframe
2018-12-12 16:45:35,793 - log_Name - INFO - left the iframe
2018-12-12 16:45:40,096 - log_Name - INFO - Ebtered inframeiframe-5
2018-12-12 16:45:40,096 - log_Name - INFO - Ebtered inframeiframe-5
2018-12-12 16:45:40,096 - log_Name - INFO - Ebtered inframeiframe-5
2018-12-12 16:46:40,708 - log_Name - INFO - 截屏成功
2018-12-12 16:46:40,708 - log_Name - INFO - 截屏成功
2018-12-12 16:46:40,708 - log_Name - INFO - 截屏成功
2018-12-12 16:46:40,713 - log_Name - INFO - left the iframe
2018-12-12 16:46:40,713 - log_Name - INFO - left the iframe
2018-12-12 16:46:40,713 - log_Name - INFO - left the iframe
2018-12-12 16:46:45,004 - log_Name - INFO - Ebtered inframeiframe-5
2018-12-12 16:46:45,004 - log_Name - INFO - Ebtered inframeiframe-5
2018-12-12 16:46:45,004 - log_Name - INFO - Ebtered inframeiframe-5
2018-12-12 16:47:11,542 - log_Name - INFO - 截屏成功
2018-12-12 16:47:11,542 - log_Name - INFO - 截屏成功
2018-12-12 16:47:11,542 - log_Name - INFO - 截屏成功
2018-12-12 16:47:11,549 - log_Name - INFO - left the iframe
2018-12-12 16:47:11,549 - log_Name - INFO - left the iframe
2018-12-12 16:47:11,549 - log_Name - INFO - left the iframe
2018-12-12 16:47:15,855 - log_Name - INFO - Ebtered inframeiframe-5
2018-12-12 16:47:15,855 - log_Name - INFO - Ebtered inframeiframe-5
2018-12-12 16:47:15,855 - log_Name - INFO - Ebtered inframeiframe-5
