2018-12-12 17:21:42,122 - log_Name - INFO - 启动Firefox浏览器
2018-12-12 17:21:42,122 - log_Name - INFO - 启动Firefox浏览器
2018-12-12 17:21:48,420 - log_Name - INFO - Firefox打开网页
2018-12-12 17:21:48,420 - log_Name - INFO - Firefox打开网页
2018-12-12 17:22:01,073 - log_Name - INFO - left the iframe
2018-12-12 17:22:01,073 - log_Name - INFO - left the iframe
2018-12-12 17:22:01,073 - log_Name - INFO - left the iframe
2018-12-12 17:22:05,420 - log_Name - INFO - Ebtered inframeiframe-5
2018-12-12 17:22:05,420 - log_Name - INFO - Ebtered inframeiframe-5
2018-12-12 17:22:05,420 - log_Name - INFO - Ebtered inframeiframe-5
2018-12-12 17:22:17,294 - log_Name - INFO - left the iframe
2018-12-12 17:22:17,294 - log_Name - INFO - left the iframe
2018-12-12 17:22:17,294 - log_Name - INFO - left the iframe
2018-12-12 17:22:21,581 - log_Name - INFO - Ebtered inframeiframe-5
2018-12-12 17:22:21,581 - log_Name - INFO - Ebtered inframeiframe-5
2018-12-12 17:22:21,581 - log_Name - INFO - Ebtered inframeiframe-5
2018-12-12 17:22:44,739 - log_Name - INFO - 截屏成功
2018-12-12 17:22:44,739 - log_Name - INFO - 截屏成功
2018-12-12 17:22:44,739 - log_Name - INFO - 截屏成功
2018-12-12 17:22:44,751 - log_Name - INFO - left the iframe
2018-12-12 17:22:44,751 - log_Name - INFO - left the iframe
2018-12-12 17:22:44,751 - log_Name - INFO - left the iframe
2018-12-12 17:22:49,060 - log_Name - INFO - Ebtered inframeiframe-5
2018-12-12 17:22:49,060 - log_Name - INFO - Ebtered inframeiframe-5
2018-12-12 17:22:49,060 - log_Name - INFO - Ebtered inframeiframe-5
2018-12-12 17:23:30,282 - log_Name - INFO - 截屏成功
2018-12-12 17:23:30,282 - log_Name - INFO - 截屏成功
2018-12-12 17:23:30,282 - log_Name - INFO - 截屏成功
2018-12-12 17:23:30,287 - log_Name - INFO - left the iframe
2018-12-12 17:23:30,287 - log_Name - INFO - left the iframe
2018-12-12 17:23:30,287 - log_Name - INFO - left the iframe
2018-12-12 17:23:34,566 - log_Name - INFO - Ebtered inframeiframe-5
2018-12-12 17:23:34,566 - log_Name - INFO - Ebtered inframeiframe-5
2018-12-12 17:23:34,566 - log_Name - INFO - Ebtered inframeiframe-5
2018-12-12 17:24:20,216 - log_Name - INFO - left the iframe
2018-12-12 17:24:20,216 - log_Name - INFO - left the iframe
2018-12-12 17:24:20,216 - log_Name - INFO - left the iframe
2018-12-12 17:24:24,522 - log_Name - INFO - Ebtered inframeiframe-5
2018-12-12 17:24:24,522 - log_Name - INFO - Ebtered inframeiframe-5
2018-12-12 17:24:24,522 - log_Name - INFO - Ebtered inframeiframe-5
2018-12-12 17:24:53,203 - log_Name - INFO - 截屏成功
2018-12-12 17:24:53,203 - log_Name - INFO - 截屏成功
2018-12-12 17:24:53,203 - log_Name - INFO - 截屏成功
2018-12-12 17:24:53,210 - log_Name - INFO - left the iframe
2018-12-12 17:24:53,210 - log_Name - INFO - left the iframe
2018-12-12 17:24:53,210 - log_Name - INFO - left the iframe
2018-12-12 17:24:57,503 - log_Name - INFO - Ebtered inframeiframe-5
2018-12-12 17:24:57,503 - log_Name - INFO - Ebtered inframeiframe-5
2018-12-12 17:24:57,503 - log_Name - INFO - Ebtered inframeiframe-5
2018-12-12 17:25:25,718 - log_Name - INFO - 截屏成功
2018-12-12 17:25:25,718 - log_Name - INFO - 截屏成功
2018-12-12 17:25:25,718 - log_Name - INFO - 截屏成功
2018-12-12 17:25:25,724 - log_Name - INFO - left the iframe
2018-12-12 17:25:25,724 - log_Name - INFO - left the iframe
2018-12-12 17:25:25,724 - log_Name - INFO - left the iframe
2018-12-12 17:25:30,028 - log_Name - INFO - Ebtered inframeiframe-5
2018-12-12 17:25:30,028 - log_Name - INFO - Ebtered inframeiframe-5
2018-12-12 17:25:30,028 - log_Name - INFO - Ebtered inframeiframe-5
2018-12-12 17:26:17,297 - log_Name - INFO - left the iframe
2018-12-12 17:26:17,297 - log_Name - INFO - left the iframe
2018-12-12 17:26:17,297 - log_Name - INFO - left the iframe
2018-12-12 17:26:21,601 - log_Name - INFO - Ebtered inframeiframe-5
2018-12-12 17:26:21,601 - log_Name - INFO - Ebtered inframeiframe-5
2018-12-12 17:26:21,601 - log_Name - INFO - Ebtered inframeiframe-5
2018-12-12 17:27:21,934 - log_Name - INFO - 截屏成功
2018-12-12 17:27:21,934 - log_Name - INFO - 截屏成功
2018-12-12 17:27:21,934 - log_Name - INFO - 截屏成功
2018-12-12 17:27:21,961 - log_Name - INFO - left the iframe
2018-12-12 17:27:21,961 - log_Name - INFO - left the iframe
2018-12-12 17:27:21,961 - log_Name - INFO - left the iframe
2018-12-12 17:27:26,271 - log_Name - INFO - Ebtered inframeiframe-5
2018-12-12 17:27:26,271 - log_Name - INFO - Ebtered inframeiframe-5
2018-12-12 17:27:26,271 - log_Name - INFO - Ebtered inframeiframe-5
2018-12-12 17:28:12,679 - log_Name - INFO - left the iframe
2018-12-12 17:28:12,679 - log_Name - INFO - left the iframe
2018-12-12 17:28:12,679 - log_Name - INFO - left the iframe
2018-12-12 17:28:16,996 - log_Name - INFO - Ebtered inframeiframe-5
2018-12-12 17:28:16,996 - log_Name - INFO - Ebtered inframeiframe-5
2018-12-12 17:28:16,996 - log_Name - INFO - Ebtered inframeiframe-5
2018-12-12 17:28:45,097 - log_Name - INFO - left the iframe
2018-12-12 17:28:45,097 - log_Name - INFO - left the iframe
2018-12-12 17:28:45,097 - log_Name - INFO - left the iframe
2018-12-12 17:28:49,438 - log_Name - INFO - Ebtered inframeiframe-5
2018-12-12 17:28:49,438 - log_Name - INFO - Ebtered inframeiframe-5
2018-12-12 17:28:49,438 - log_Name - INFO - Ebtered inframeiframe-5
