2018-12-12 16:16:15,255 - log_Name - INFO - 启动Firefox浏览器
2018-12-12 16:16:15,255 - log_Name - INFO - 启动Firefox浏览器
2018-12-12 16:16:22,740 - log_Name - INFO - Firefox打开网页
2018-12-12 16:16:22,740 - log_Name - INFO - Firefox打开网页
2018-12-12 16:16:35,560 - log_Name - INFO - left the iframe
2018-12-12 16:16:35,560 - log_Name - INFO - left the iframe
2018-12-12 16:16:35,560 - log_Name - INFO - left the iframe
2018-12-12 16:16:39,979 - log_Name - INFO - Ebtered inframeiframe-5
2018-12-12 16:16:39,979 - log_Name - INFO - Ebtered inframeiframe-5
2018-12-12 16:16:39,979 - log_Name - INFO - Ebtered inframeiframe-5
2018-12-12 16:16:51,983 - log_Name - INFO - left the iframe
2018-12-12 16:16:51,983 - log_Name - INFO - left the iframe
2018-12-12 16:16:51,983 - log_Name - INFO - left the iframe
2018-12-12 16:16:56,301 - log_Name - INFO - Ebtered inframeiframe-5
2018-12-12 16:16:56,301 - log_Name - INFO - Ebtered inframeiframe-5
2018-12-12 16:16:56,301 - log_Name - INFO - Ebtered inframeiframe-5
2018-12-12 16:17:18,972 - log_Name - INFO - 截屏成功
2018-12-12 16:17:18,972 - log_Name - INFO - 截屏成功
2018-12-12 16:17:18,972 - log_Name - INFO - 截屏成功
2018-12-12 16:17:18,978 - log_Name - INFO - left the iframe
2018-12-12 16:17:18,978 - log_Name - INFO - left the iframe
2018-12-12 16:17:18,978 - log_Name - INFO - left the iframe
2018-12-12 16:17:23,259 - log_Name - INFO - Ebtered inframeiframe-5
2018-12-12 16:17:23,259 - log_Name - INFO - Ebtered inframeiframe-5
2018-12-12 16:17:23,259 - log_Name - INFO - Ebtered inframeiframe-5
2018-12-12 16:17:40,173 - log_Name - INFO - left the iframe
2018-12-12 16:17:40,173 - log_Name - INFO - left the iframe
2018-12-12 16:17:40,173 - log_Name - INFO - left the iframe
2018-12-12 16:17:44,442 - log_Name - INFO - Ebtered inframeiframe-5
2018-12-12 16:17:44,442 - log_Name - INFO - Ebtered inframeiframe-5
2018-12-12 16:17:44,442 - log_Name - INFO - Ebtered inframeiframe-5
2018-12-12 16:18:31,920 - log_Name - INFO - left the iframe
2018-12-12 16:18:31,920 - log_Name - INFO - left the iframe
2018-12-12 16:18:31,920 - log_Name - INFO - left the iframe
2018-12-12 16:18:36,216 - log_Name - INFO - Ebtered inframeiframe-5
2018-12-12 16:18:36,216 - log_Name - INFO - Ebtered inframeiframe-5
2018-12-12 16:18:36,216 - log_Name - INFO - Ebtered inframeiframe-5
2018-12-12 16:19:04,401 - log_Name - INFO - 截屏成功
2018-12-12 16:19:04,401 - log_Name - INFO - 截屏成功
2018-12-12 16:19:04,401 - log_Name - INFO - 截屏成功
2018-12-12 16:19:04,408 - log_Name - INFO - left the iframe
2018-12-12 16:19:04,408 - log_Name - INFO - left the iframe
2018-12-12 16:19:04,408 - log_Name - INFO - left the iframe
2018-12-12 16:19:08,704 - log_Name - INFO - Ebtered inframeiframe-5
2018-12-12 16:19:08,704 - log_Name - INFO - Ebtered inframeiframe-5
2018-12-12 16:19:08,704 - log_Name - INFO - Ebtered inframeiframe-5
2018-12-12 16:19:56,541 - log_Name - INFO - left the iframe
2018-12-12 16:19:56,541 - log_Name - INFO - left the iframe
2018-12-12 16:19:56,541 - log_Name - INFO - left the iframe
2018-12-12 16:20:00,853 - log_Name - INFO - Ebtered inframeiframe-5
2018-12-12 16:20:00,853 - log_Name - INFO - Ebtered inframeiframe-5
2018-12-12 16:20:00,853 - log_Name - INFO - Ebtered inframeiframe-5
2018-12-12 16:20:10,165 - log_Name - INFO - left the iframe
2018-12-12 16:20:10,165 - log_Name - INFO - left the iframe
2018-12-12 16:20:10,165 - log_Name - INFO - left the iframe
2018-12-12 16:20:14,443 - log_Name - INFO - Ebtered inframeiframe-5
2018-12-12 16:20:14,443 - log_Name - INFO - Ebtered inframeiframe-5
2018-12-12 16:20:14,443 - log_Name - INFO - Ebtered inframeiframe-5
2018-12-12 16:20:23,172 - log_Name - INFO - left the iframe
2018-12-12 16:20:23,172 - log_Name - INFO - left the iframe
2018-12-12 16:20:23,172 - log_Name - INFO - left the iframe
2018-12-12 16:20:27,436 - log_Name - INFO - Ebtered inframeiframe-5
2018-12-12 16:20:27,436 - log_Name - INFO - Ebtered inframeiframe-5
2018-12-12 16:20:27,436 - log_Name - INFO - Ebtered inframeiframe-5
2018-12-12 16:20:40,959 - log_Name - INFO - left the iframe
2018-12-12 16:20:40,959 - log_Name - INFO - left the iframe
2018-12-12 16:20:40,959 - log_Name - INFO - left the iframe
2018-12-12 16:20:45,229 - log_Name - INFO - Ebtered inframeiframe-5
2018-12-12 16:20:45,229 - log_Name - INFO - Ebtered inframeiframe-5
2018-12-12 16:20:45,229 - log_Name - INFO - Ebtered inframeiframe-5
